<?xml version="1.0" encoding="UTF-8" standalone="no"?>
<testsuite errors="0" failures="0" name="io.cucumber.core.plugin.JUnitFormatter" skipped="0" tests="1" time="99.788">
    <testcase classname="Test Modules functionality" name="Verify with the Assign User consignment action button input details" time="98.806">
        <system-out><![CDATA[Given User is on login page of oilpalm project page.........................passed
When The Users enters with the valid username and password inputs data details.passed
Then the page will be Navigated to the Dashboards home main menu pages screens.passed
And verify with the click on the Settings module............................passed
Then check with the click on the User consignment screen....................passed
And check with the Click on the Assign user consignment action button.......passed
]]></system-out>
    </testcase>
</testsuite>
