<?xml version="1.0" encoding="UTF-8" standalone="no"?>
<testsuite errors="0" failures="0" name="io.cucumber.core.plugin.JUnitFormatter" skipped="0" tests="1" time="133.429">
    <testcase classname="Test Modules functionality" name="Active grid check with the Merge action button details" time="132.53">
        <system-out><![CDATA[Given User is on login page navgations......................................passed
When The User enters with the username and passwords details................passed
And Clicks on the logins button from login details page.....................passed
Then the page will be Navigate to the Dashboards home menu..................passed
And Dashboard menu click on the Consignment Merge screen....................passed
Then check with the Active grid Status type Dropdown selection field........passed
And check with the Active grid Select collection center dropdown field......passed
Then verify with the From date input selection details......................passed
And check with the Vehicle number input details validation..................passed
When click on the search details button.....................................passed
Then check with the Checkbox selection from the Active grid.................passed
When Click on the Merge action button.......................................passed
]]></system-out>
    </testcase>
</testsuite>
